10.000
35.000
81.000
77.420
142.300
1911.660
644.550
116.410
115.000
781.780
636.650
171.320
526.380
537.190
524.560
407.290
616.790
593.750
692.540
20.900
155.900
1134.980
20.250
365.750
570.760
710.450
2.440
719.720
51.680
535.470
49.110
19.710
253.060
628.980
1150.480
309.260
460.110
517.850
358.840
1613.370
137.000
755.300
1092.160
949.550
108.470
2478.120
1400.160
492.690
2180.900
709.190
288.960
20.800
611.840
250.300
1140.640
194.140
1220.310
94.920
627.010
935.840
1539.400
1036.730
131.540
259.000
21.360
124.870
458.480
3367.250
576.140
153.660
581.330
456.990
726.930
567.800
865.060
1423.240
3.690
773.610
335.820
1.820
24.300
239.000
652.540
308.120
1500.000
780.770
319.270
1238.000
393.220
215.950
126.180
387.480
137.120
382.250
461.600
218.740
1057.350
235.560
378.120
323.350
0.400
488.160
2376.060
728.560
575.640
476.800
314.730
639.330
500.030
278.560
344.380
442.780
137.640
319.980
719.360
24.800
1445.540
395.090
1787.560
1428.140
1737.630
864.940
37.270
242.350
1071.580
129.250
114.420
434.920
1379.770
770.840
271.660
2628.060
395.260
1563.530
625.640
7.440
294.550
1871.220
344.790
767.910
33.960
92.400
519.760
565.940
275.770
1266.890
433.670
84.500
602.300
244.920
107.700
184.040
1298.050
2218.340
290.140
1091.470
224.450
305.450
195.450
395.120
851.540
946.210
732.280
414.220
376.610
117.900
374.780
941.250
1129.230
106.600
1035.630
770.540
268.470
1068.800
491.080
336.670
1952.490
554.130
8.120
1140.860
283.150
839.590
215.960
598.150
278.830
546.430
394.900
1281.440
268.000
159.400
547.670
54.250
769.800
570.540
224.090
769.740
223.180
2208.920
985.240
593.780
9.720
431.190
902.900
426.560
912.740
855.330
807.100
782.210
266.960
952.120
585.050
722.540
397.280
818.970
7.470
305.310
4.060
292.600
421.130
20.670
795.650
511.400
132.770
698.080
478.380
275.220
155.740
366.050
2.550
41.400
821.530
68.650
1110.220
420.510
424.810
215.880
2358.620
325.200
522.480
17.380
876.680
542.400
332.580
543.420
597.290
795.180
237.900
264.030
595.970
118.800
813.680
883.300
375.900
493.240
337.000
697.460
192.800
393.950
504.190
1.120
1014.650
808.880
599.060
141.560
1006.960
416.810
3913.340
347.340
452.370
667.040
113.540
210.900
0.660
812.420
650.620
544.250
351.480
298.560
451.080
93.530
4.340
886.470
400.990
395.460
515.850
292.790
1713.550
0.800
715.680
540.460
371.560
372.000
334.800
405.280
672.600
286.600
345.800
1050.850
861.200
809.190
378.150
787.330
489.580
361.450
198.570
278.400
194.200
62.580
496.340
6.960
228.020
138.800
392.970
278.790
120.940
276.540
2336.350
165.170
566.680
389.390
935.400
1122.890
476.400
424.590
756.250
1394.190
475.440
182.630
537.090
247.560
592.240
137.760
354.000
783.710
1027.760
577.400
501.620
268.040
17.920
287.650
1042.310
525.860
1056.010
654.520
233.020
502.600
1184.980
3.040
304.000
1550.280
448.110
1222.240
554.700
389.320
1059.690
873.610
591.350
90.600
1051.540
370.050
379.340
746.780
145.410
838.410
389.290
445.640
1292.790
630.450
300.500
569.700
3.580
477.610
285.030
775.250
365.780
308.220
558.950
1015.550
402.560
155.200
174.180
803.420
1301.680
377.020
150.850
193.400
518.840
373.140
1678.010
1199.750
352.000
465.180
251.050
697.670
283.640
107.440
97.580
392.400
388.650
83.780
695.300
13.750
542.460
1236.050
322.680
2595.120
760.500
150.920
434.830
202.770
547.770
455.720
8.000
443.240
239.320
13.600
949.450
574.230
737.240
897.440
295.550
414.830
488.480
18.200
550.280
477.550
508.760
309.400
431.400
306.160
614.850
1016.720
634.150
145.210
273.590
95.080
812.960
726.220
393.740
254.440
627.420
570.580
734.520
1244.730
35.840
360.700
2.640
1014.920
229.850
55.190
1198.970
463.080
356.730
23.760
179.890
436.290
106.600
198.070
57.780
398.880
999.620
4.320
423.600
1131.460
354.070
394.480
1237.790
12.540
270.970
15.600
347.630
404.330
19.840
1140.500
816.320
272.000
507.080
6.960
12.000
910.870
964.940
5.510
894.980
719.120
890.740
401.430
631.810
148.600
543.030
344.620
405.170
533.680
447.260
11.700
891.380
1000.250
260.300
195.740
181.960
199.660
114.080
97.300
158.630
578.130
38.020
775.140
10.880
35.230
1705.640
61.990
967.480
14.840
162.600
165.250
67.620
1.500
40.080
1412.440
41.160
378.080
348.020
64.040
244.240
156.800
1168.800
698.190
43.020
8.640
133.880
861.300
299.360
930.920
587.160
750.320
1125.770
630.840
284.340
33.450
309.640
113.980
876.630
461.560
439.150
267.850
96.750
859.180
505.110
97.190
179.060
139.710
863.220
932.910
365.420
13.020
2153.010
241.570
399.560
247.100
27.550
294.320
537.610
517.410
17.520
841.180
901.920
457.420
201.030
452.190
206.280
178.580
205.090
91.920
305.170
634.740
961.680
119.200
76.160
251.280
253.550
412.140
292.590
355.870
11.570
1085.370
512.500
6.550
283.480
350.740
303.800
40.420
552.890
549.220
0.140
310.500
895.170
179.450
696.740
480.160
905.690
1259.680
203.440
2.880
485.880
1239.150
13.750
61.320
152.360
171.810
229.430
24.030
8.140
1531.700
712.980
469.170
372.040
28.740
107.880
1261.430
829.870
474.850
47.990
115.600
52.800
137.930
446.070
940.540
664.300
535.110
649.680
934.560
38.040
322.180
927.220
383.000
395.680
177.380
16.240
345.030
14.400
77.120
1031.390
157.030
8.680
523.800
517.390
523.870
904.100
123.090
536.010
241.780
807.530
1397.010
568.740
562.440
493.450
943.530
639.110
63.290
374.500
151.900
367.220
1116.690
401.930
0.480
478.180
548.850
1091.980
842.680
735.500
1480.310
1031.810
371.260
510.200
306.560
299.080
299.810
141.340
332.880
511.060
39.100
1143.200
212.620
314.860
466.760
1091.290
1134.670
843.610
100.480
94.320
137.200
332.680
138.160
664.200
748.070
299.140
180.610
56.620
37.170
622.010
485.190
149.800
52.920
13.120
2306.490
487.210
590.890
498.740
635.690
391.050
132.980
325.470
1034.520
894.260
687.290
52.330
746.380
596.690
430.250
703.640
1931.200
1642.940
2168.520
609.680
136.180
686.900
279.030
588.440
348.600
649.330
337.180
750.970
500.850
1089.400
500.380
1514.990
1218.680
965.510
609.450
412.290
301.000
511.660
462.790
299.250
814.190
451.820
2051.700
540.470
280.600
355.120
550.240
1412.510
60.250
6.120
604.080
253.220
771.200
686.640
90.400
758.960
129.480
318.990
479.640
121.480
405.320
925.630
160.580
464.670
1035.900
460.210
848.800
1457.590
392.830
57.200
90.200
33.440
605.760
1169.230
538.170
143.980
183.830
898.730
23.250
1.530
84.240
170.740
460.210
1363.800
31.080
944.950
112.940
145.130
6.300
375.230
753.140
394.020
773.420
544.110
2255.950
766.360
418.310
391.750
374.170
825.740
489.740
310.860
7.920
699.040
268.160
725.980
429.970
289.740
514.930
256.600
423.690
2576.510
206.520
343.840
23.840
581.940
279.750
230.980
19.950
1035.070
572.380
308.600
311.030
794.140
261.950
299.550
757.970
469.150
311.500
227.610
663.560
373.060
79.480
433.800
29.470
336.000
211.620
430.460
319.000
408.920
811.750
418.780
374.100
802.640
252.360
193.400
169.320
927.000
1498.780
397.330
140.880
479.570
695.150
2618.920
837.360
342.510
23.150
24.650
201.620
7.050
18.430
913.540
299.080
510.920
36.540
1194.270
772.760
522.610
29.030
1319.940
406.570
278.640
182.180
12.450
335.940
213.200
9.900
640.720
510.130
714.080
2180.270
95.730
1234.200
2396.640
28.820
143.400
708.740
1143.020
189.100
607.090
434.620
444.600
489.010
255.770
432.860
723.730
215.930
55.310
1105.970
800.030
574.800
386.380
242.860
322.200
174.840
243.750
256.580
474.280
325.650
1134.510
419.600
441.240
391.190
508.330
86.170
513.480
376.610
1010.650
1283.390
306.100
1743.120
7.250
68.020
121.680
731.460
390.450
149.060
1047.530
594.790
115.860
165.440
577.880
120.980
852.160
757.310
1.190
355.090
266.100
103.200
497.770
569.110
120.140
736.210
731.090
403.100
904.810
1552.570
349.730
730.270
726.240
1836.420
434.300
459.910
653.290
431.860
1158.230
563.190
324.630
8.330
1220.920
2298.340
289.190
634.060
8.510
428.920
429.750
80.340
185.330
118.670
22.320
184.880
358.780
50.120
357.100
1134.600
536.650
365.260
280.460
649.320
415.670
1305.030
487.800
35.000
137.630
202.440
105.760
156.630
1157.000
40.040
434.520
906.750
921.160
930.040
948.540
792.650
54.450
389.880
374.180
1298.330
150.160