--
0root
02super
0rootrootrootroot
1root
12super
1rootrootrootroot
2root
22super
2rootrootrootroot
3root
32super
3rootrootrootroot
4root
42super
4rootrootrootroot
5root
52super
5rootrootrootroot
6root
62super
6rootrootrootroot
7root
72super
7rootrootrootroot
8root
82super
8rootrootrootroot
9root
92super
9rootrootrootroot
--
admin0
admin1
admin2
admin3
admin4
admin5
admin6
admin7
admin8
admin9
bdmin0
bdmin1
bdmin2
bdmin3
bdmin4
bdmin5
bdmin6
bdmin7
bdmin8
bdmin9
110
111
112
113
114
115
116
117
118
119
220
221
222
223
224
225
226
227
228
229
0admin0
0admin1
0admin2
0admin3
0admin4
0admin5
0admin6
0admin7
0admin8
0admin9
0bdmin0
0bdmin1
0bdmin2
0bdmin3
0bdmin4
0bdmin5
0bdmin6
0bdmin7
0bdmin8
0bdmin9
0110
0111
0112
0113
0114
0115
0116
0117
0118
0119
0220
0221
0222
0223
0224
0225
0226
0227
0228
0229
1admin0
1admin1
1admin2
1admin3
1admin4
1admin5
1admin6
1admin7
1admin8
1admin9
1bdmin0
1bdmin1
1bdmin2
1bdmin3
1bdmin4
1bdmin5
1bdmin6
1bdmin7
1bdmin8
1bdmin9
1110
1111
1112
1113
1114
1115
1116
1117
1118
1119
1220
1221
1222
1223
1224
1225
1226
1227
1228
1229
2admin0
2admin1
2admin2
2admin3
2admin4
2admin5
2admin6
2admin7
2admin8
2admin9
2bdmin0
2bdmin1
2bdmin2
2bdmin3
2bdmin4
2bdmin5
2bdmin6
2bdmin7
2bdmin8
2bdmin9
2110
2111
2112
2113
2114
2115
2116
2117
2118
2119
2220
2221
2222
2223
2224
2225
2226
2227
2228
2229
3admin0
3admin1
3admin2
3admin3
3admin4
3admin5
3admin6
3admin7
3admin8
3admin9
3bdmin0
3bdmin1
3bdmin2
3bdmin3
3bdmin4
3bdmin5
3bdmin6
3bdmin7
3bdmin8
3bdmin9
3110
3111
3112
3113
3114
3115
3116
3117
3118
3119
3220
3221
3222
3223
3224
3225
3226
3227
3228
3229
4admin0
4admin1
4admin2
4admin3
4admin4
4admin5
4admin6
4admin7
4admin8
4admin9
4bdmin0
4bdmin1
4bdmin2
4bdmin3
4bdmin4
4bdmin5
4bdmin6
4bdmin7
4bdmin8
4bdmin9
4110
4111
4112
4113
4114
4115
4116
4117
4118
4119
4220
4221
4222
4223
4224
4225
4226
4227
4228
4229
5admin0
5admin1
5admin2
5admin3
5admin4
5admin5
5admin6
5admin7
5admin8
5admin9
5bdmin0
5bdmin1
5bdmin2
5bdmin3
5bdmin4
5bdmin5
5bdmin6
5bdmin7
5bdmin8
5bdmin9
5110
5111
5112
5113
5114
5115
5116
5117
5118
5119
5220
5221
5222
5223
5224
5225
5226
5227
5228
5229
6admin0
6admin1
6admin2
6admin3
6admin4
6admin5
6admin6
6admin7
6admin8
6admin9
6bdmin0
6bdmin1
6bdmin2
6bdmin3
6bdmin4
6bdmin5
6bdmin6
6bdmin7
6bdmin8
6bdmin9
6110
6111
6112
6113
6114
6115
6116
6117
6118
6119
6220
6221
6222
6223
6224
6225
6226
6227
6228
6229
7admin0
7admin1
7admin2
7admin3
7admin4
7admin5
7admin6
7admin7
7admin8
7admin9
7bdmin0
7bdmin1
7bdmin2
7bdmin3
7bdmin4
7bdmin5
7bdmin6
7bdmin7
7bdmin8
7bdmin9
7110
7111
7112
7113
7114
7115
7116
7117
7118
7119
7220
7221
7222
7223
7224
7225
7226
7227
7228
7229
8admin0
8admin1
8admin2
8admin3
8admin4
8admin5
8admin6
8admin7
8admin8
8admin9
8bdmin0
8bdmin1
8bdmin2
8bdmin3
8bdmin4
8bdmin5
8bdmin6
8bdmin7
8bdmin8
8bdmin9
8110
8111
8112
8113
8114
8115
8116
8117
8118
8119
8220
8221
8222
8223
8224
8225
8226
8227
8228
8229
9admin0
9admin1
9admin2
9admin3
9admin4
9admin5
9admin6
9admin7
9admin8
9admin9
9bdmin0
9bdmin1
9bdmin2
9bdmin3
9bdmin4
9bdmin5
9bdmin6
9bdmin7
9bdmin8
9bdmin9
9110
9111
9112
9113
9114
9115
9116
9117
9118
9119
9220
9221
9222
9223
9224
9225
9226
9227
9228
9229
--
01E00
01E01
01E02
01E03
01E04
01E05
01E06
01E07
01E08
01E09
01E10
01E11
01E12
01E13
01E14
01E15
01E16
01E17
01E18
01E19
01E20
01E21
01E22
01E23
01E24
01E25
01E26
01E27
01E28
01E29
01E30
01E31
01E32
01E33
01E34
01E35
01E36
01E37
01E38
01E39
01E40
01E41
01E42
01E43
01E44
01E45
01E46
01E47
01E48
01E49
01E50
01E51
01E52
01E53
01E54
01E55
01E56
01E57
01E58
01E59
01E60
01E61
01E62
01E63
01E64
01E65
01E66
01E67
01E68
01E69
01E70
01E71
01E72
01E73
01E74
01E75
01E76
01E77
01E78
01E79
01E80
01E81
01E82
01E83
01E84
01E85
01E86
01E87
01E88
01E89
01E90
01E91
01E92
01E93
01E94
01E95
01E96
01E97
01E98
01E99
02D00
02D01
02D02
02D03
02D04
02D05
02D06
02D07
02D08
02D09
02D10
02D11
02D12
02D13
02D14
02D15
02D16
02D17
02D18
02D19
02D20
02D21
02D22
02D23
02D24
02D25
02D26
02D27
02D28
02D29
02D30
02D31
02D32
02D33
02D34
02D35
02D36
02D37
02D38
02D39
02D40
02D41
02D42
02D43
02D44
02D45
02D46
02D47
02D48
02D49
02D50
02D51
02D52
02D53
02D54
02D55
02D56
02D57
02D58
02D59
02D60
02D61
02D62
02D63
02D64
02D65
02D66
02D67
02D68
02D69
02D70
02D71
02D72
02D73
02D74
02D75
02D76
02D77
02D78
02D79
02D80
02D81
02D82
02D83
02D84
02D85
02D86
02D87
02D88
02D89
02D90
02D91
02D92
02D93
02D94
02D95
02D96
02D97
02D98
02D99
05A00
05A01
05A02
05A03
05A04
05A05
05A06
05A07
05A08
05A09
05A10
05A11
05A12
05A13
05A14
05A15
05A16
05A17
05A18
05A19
05A20
05A21
05A22
05A23
05A24
05A25
05A26
05A27
05A28
05A29
05A30
05A31
05A32
05A33
05A34
05A35
05A36
05A37
05A38
05A39
05A40
05A41
05A42
05A43
05A44
05A45
05A46
05A47
05A48
05A49
05A50
05A51
05A52
05A53
05A54
05A55
05A56
05A57
05A58
05A59
05A60
05A61
05A62
05A63
05A64
05A65
05A66
05A67
05A68
05A69
05A70
05A71
05A72
05A73
05A74
05A75
05A76
05A77
05A78
05A79
05A80
05A81
05A82
05A83
05A84
05A85
05A86
05A87
05A88
05A89
05A90
05A91
05A92
05A93
05A94
05A95
05A96
05A97
05A98
05A99
03B00
03B01
03B02
03B03
03B04
03B05
03B06
03B07
03B08
03B09
03B10
03B11
03B12
03B13
03B14
03B15
03B16
03B17
03B18
03B19
03B20
03B21
03B22
03B23
03B24
03B25
03B26
03B27
03B28
03B29
03B30
03B31
03B32
03B33
03B34
03B35
03B36
03B37
03B38
03B39
03B40
03B41
03B42
03B43
03B44
03B45
03B46
03B47
03B48
03B49
03B50
03B51
03B52
03B53
03B54
03B55
03B56
03B57
03B58
03B59
03B60
03B61
03B62
03B63
03B64
03B65
03B66
03B67
03B68
03B69
03B70
03B71
03B72
03B73
03B74
03B75
03B76
03B77
03B78
03B79
03B80
03B81
03B82
03B83
03B84
03B85
03B86
03B87
03B88
03B89
03B90
03B91
03B92
03B93
03B94
03B95
03B96
03B97
03B98
03B99
04C00
04C01
04C02
04C03
04C04
04C05
04C06
04C07
04C08
04C09
04C10
04C11
04C12
04C13
04C14
04C15
04C16
04C17
04C18
04C19
04C20
04C21
04C22
04C23
04C24
04C25
04C26
04C27
04C28
04C29
04C30
04C31
04C32
04C33
04C34
04C35
04C36
04C37
04C38
04C39
04C40
04C41
04C42
04C43
04C44
04C45
04C46
04C47
04C48
04C49
04C50
04C51
04C52
04C53
04C54
04C55
04C56
04C57
04C58
04C59
04C60
04C61
04C62
04C63
04C64
04C65
04C66
04C67
04C68
04C69
04C70
04C71
04C72
04C73
04C74
04C75
04C76
04C77
04C78
04C79
04C80
04C81
04C82
04C83
04C84
04C85
04C86
04C87
04C88
04C89
04C90
04C91
04C92
04C93
04C94
04C95
04C96
04C97
04C98
04C99
11E00
11E01
11E02
11E03
11E04
11E05
11E06
11E07
11E08
11E09
11E10
11E11
11E12
11E13
11E14
11E15
11E16
11E17
11E18
11E19
11E20
11E21
11E22
11E23
11E24
11E25
11E26
11E27
11E28
11E29
11E30
11E31
11E32
11E33
11E34
11E35
11E36
11E37
11E38
11E39
11E40
11E41
11E42
11E43
11E44
11E45
11E46
11E47
11E48
11E49
11E50
11E51
11E52
11E53
11E54
11E55
11E56
11E57
11E58
11E59
11E60
11E61
11E62
11E63
11E64
11E65
11E66
11E67
11E68
11E69
11E70
11E71
11E72
11E73
11E74
11E75
11E76
11E77
11E78
11E79
11E80
11E81
11E82
11E83
11E84
11E85
11E86
11E87
11E88
11E89
11E90
11E91
11E92
11E93
11E94
11E95
11E96
11E97
11E98
11E99
12D00
12D01
12D02
12D03
12D04
12D05
12D06
12D07
12D08
12D09
12D10
12D11
12D12
12D13
12D14
12D15
12D16
12D17
12D18
12D19
12D20
12D21
12D22
12D23
12D24
12D25
12D26
12D27
12D28
12D29
12D30
12D31
12D32
12D33
12D34
12D35
12D36
12D37
12D38
12D39
12D40
12D41
12D42
12D43
12D44
12D45
12D46
12D47
12D48
12D49
12D50
12D51
12D52
12D53
12D54
12D55
12D56
12D57
12D58
12D59
12D60
12D61
12D62
12D63
12D64
12D65
12D66
12D67
12D68
12D69
12D70
12D71
12D72
12D73
12D74
12D75
12D76
12D77
12D78
12D79
12D80
12D81
12D82
12D83
12D84
12D85
12D86
12D87
12D88
12D89
12D90
12D91
12D92
12D93
12D94
12D95
12D96
12D97
12D98
12D99
15A00
15A01
15A02
15A03
15A04
15A05
15A06
15A07
15A08
15A09
15A10
15A11
15A12
15A13
15A14
15A15
15A16
15A17
15A18
15A19
15A20
15A21
15A22
15A23
15A24
15A25
15A26
15A27
15A28
15A29
15A30
15A31
15A32
15A33
15A34
15A35
15A36
15A37
15A38
15A39
15A40
15A41
15A42
15A43
15A44
15A45
15A46
15A47
15A48
15A49
15A50
15A51
15A52
15A53
15A54
15A55
15A56
15A57
15A58
15A59
15A60
15A61
15A62
15A63
15A64
15A65
15A66
15A67
15A68
15A69
15A70
15A71
15A72
15A73
15A74
15A75
15A76
15A77
15A78
15A79
15A80
15A81
15A82
15A83
15A84
15A85
15A86
15A87
15A88
15A89
15A90
15A91
15A92
15A93
15A94
15A95
15A96
15A97
15A98
15A99
13B00
13B01
13B02
13B03
13B04
13B05
13B06
13B07
13B08
13B09
13B10
13B11
13B12
13B13
13B14
13B15
13B16
13B17
13B18
13B19
13B20
13B21
13B22
13B23
13B24
13B25
13B26
13B27
13B28
13B29
13B30
13B31
13B32
13B33
13B34
13B35
13B36
13B37
13B38
13B39
13B40
13B41
13B42
13B43
13B44
13B45
13B46
13B47
13B48
13B49
13B50
13B51
13B52
13B53
13B54
13B55
13B56
13B57
13B58
13B59
13B60
13B61
13B62
13B63
13B64
13B65
13B66
13B67
13B68
13B69
13B70
13B71
13B72
13B73
13B74
13B75
13B76
13B77
13B78
13B79
13B80
13B81
13B82
13B83
13B84
13B85
13B86
13B87
13B88
13B89
13B90
13B91
13B92
13B93
13B94
13B95
13B96
13B97
13B98
13B99
14C00
14C01
14C02
14C03
14C04
14C05
14C06
14C07
14C08
14C09
14C10
14C11
14C12
14C13
14C14
14C15
14C16
14C17
14C18
14C19
14C20
14C21
14C22
14C23
14C24
14C25
14C26
14C27
14C28
14C29
14C30
14C31
14C32
14C33
14C34
14C35
14C36
14C37
14C38
14C39
14C40
14C41
14C42
14C43
14C44
14C45
14C46
14C47
14C48
14C49
14C50
14C51
14C52
14C53
14C54
14C55
14C56
14C57
14C58
14C59
14C60
14C61
14C62
14C63
14C64
14C65
14C66
14C67
14C68
14C69
14C70
14C71
14C72
14C73
14C74
14C75
14C76
14C77
14C78
14C79
14C80
14C81
14C82
14C83
14C84
14C85
14C86
14C87
14C88
14C89
14C90
14C91
14C92
14C93
14C94
14C95
14C96
14C97
14C98
14C99
21E00
21E01
21E02
21E03
21E04
21E05
21E06
21E07
21E08
21E09
21E10
21E11
21E12
21E13
21E14
21E15
21E16
21E17
21E18
21E19
21E20
21E21
21E22
21E23
21E24
21E25
21E26
21E27
21E28
21E29
21E30
21E31
21E32
21E33
21E34
21E35
21E36
21E37
21E38
21E39
21E40
21E41
21E42
21E43
21E44
21E45
21E46
21E47
21E48
21E49
21E50
21E51
21E52
21E53
21E54
21E55
21E56
21E57
21E58
21E59
21E60
21E61
21E62
21E63
21E64
21E65
21E66
21E67
21E68
21E69
21E70
21E71
21E72
21E73
21E74
21E75
21E76
21E77
21E78
21E79
21E80
21E81
21E82
21E83
21E84
21E85
21E86
21E87
21E88
21E89
21E90
21E91
21E92
21E93
21E94
21E95
21E96
21E97
21E98
21E99
22D00
22D01
22D02
22D03
22D04
22D05
22D06
22D07
22D08
22D09
22D10
22D11
22D12
22D13
22D14
22D15
22D16
22D17
22D18
22D19
22D20
22D21
22D22
22D23
22D24
22D25
22D26
22D27
22D28
22D29
22D30
22D31
22D32
22D33
22D34
22D35
22D36
22D37
22D38
22D39
22D40
22D41
22D42
22D43
22D44
22D45
22D46
22D47
22D48
22D49
22D50
22D51
22D52
22D53
22D54
22D55
22D56
22D57
22D58
22D59
22D60
22D61
22D62
22D63
22D64
22D65
22D66
22D67
22D68
22D69
22D70
22D71
22D72
22D73
22D74
22D75
22D76
22D77
22D78
22D79
22D80
22D81
22D82
22D83
22D84
22D85
22D86
22D87
22D88
22D89
22D90
22D91
22D92
22D93
22D94
22D95
22D96
22D97
22D98
22D99
25A00
25A01
25A02
25A03
25A04
25A05
25A06
25A07
25A08
25A09
25A10
25A11
25A12
25A13
25A14
25A15
25A16
25A17
25A18
25A19
25A20
25A21
25A22
25A23
25A24
25A25
25A26
25A27
25A28
25A29
25A30
25A31
25A32
25A33
25A34
25A35
25A36
25A37
25A38
25A39
25A40
25A41
25A42
25A43
25A44
25A45
25A46
25A47
25A48
25A49
25A50
25A51
25A52
25A53
25A54
25A55
25A56
25A57
25A58
25A59
25A60
25A61
25A62
25A63
25A64
25A65
25A66
25A67
25A68
25A69
25A70
25A71
25A72
25A73
25A74
25A75
25A76
25A77
25A78
25A79
25A80
25A81
25A82
25A83
25A84
25A85
25A86
25A87
25A88
25A89
25A90
25A91
25A92
25A93
25A94
25A95
25A96
25A97
25A98
25A99
23B00
23B01
23B02
23B03
23B04
23B05
23B06
23B07
23B08
23B09
23B10
23B11
23B12
23B13
23B14
23B15
23B16
23B17
23B18
23B19
23B20
23B21
23B22
23B23
23B24
23B25
23B26
23B27
23B28
23B29
23B30
23B31
23B32
23B33
23B34
23B35
23B36
23B37
23B38
23B39
23B40
23B41
23B42
23B43
23B44
23B45
23B46
23B47
23B48
23B49
23B50
23B51
23B52
23B53
23B54
23B55
23B56
23B57
23B58
23B59
23B60
23B61
23B62
23B63
23B64
23B65
23B66
23B67
23B68
23B69
23B70
23B71
23B72
23B73
23B74
23B75
23B76
23B77
23B78
23B79
23B80
23B81
23B82
23B83
23B84
23B85
23B86
23B87
23B88
23B89
23B90
23B91
23B92
23B93
23B94
23B95
23B96
23B97
23B98
23B99
24C00
24C01
24C02
24C03
24C04
24C05
24C06
24C07
24C08
24C09
24C10
24C11
24C12
24C13
24C14
24C15
24C16
24C17
24C18
24C19
24C20
24C21
24C22
24C23
24C24
24C25
24C26
24C27
24C28
24C29
24C30
24C31
24C32
24C33
24C34
24C35
24C36
24C37
24C38
24C39
24C40
24C41
24C42
24C43
24C44
24C45
24C46
24C47
24C48
24C49
24C50
24C51
24C52
24C53
24C54
24C55
24C56
24C57
24C58
24C59
24C60
24C61
24C62
24C63
24C64
24C65
24C66
24C67
24C68
24C69
24C70
24C71
24C72
24C73
24C74
24C75
24C76
24C77
24C78
24C79
24C80
24C81
24C82
24C83
24C84
24C85
24C86
24C87
24C88
24C89
24C90
24C91
24C92
24C93
24C94
24C95
24C96
24C97
24C98
24C99
31E00
31E01
31E02
31E03
31E04
31E05
31E06
31E07
31E08
31E09
31E10
31E11
31E12
31E13
31E14
31E15
31E16
31E17
31E18
31E19
31E20
31E21
31E22
31E23
31E24
31E25
31E26
31E27
31E28
31E29
31E30
31E31
31E32
31E33
31E34
31E35
31E36
31E37
31E38
31E39
31E40
31E41
31E42
31E43
31E44
31E45
31E46
31E47
31E48
31E49
31E50
31E51
31E52
31E53
31E54
31E55
31E56
31E57
31E58
31E59
31E60
31E61
31E62
31E63
31E64
31E65
31E66
31E67
31E68
31E69
31E70
31E71
31E72
31E73
31E74
31E75
31E76
31E77
31E78
31E79
31E80
31E81
31E82
31E83
31E84
31E85
31E86
31E87
31E88
31E89
31E90
31E91
31E92
31E93
31E94
31E95
31E96
31E97
31E98
31E99
32D00
32D01
32D02
32D03
32D04
32D05
32D06
32D07
32D08
32D09
32D10
32D11
32D12
32D13
32D14
32D15
32D16
32D17
32D18
32D19
32D20
32D21
32D22
32D23
32D24
32D25
32D26
32D27
32D28
32D29
32D30
32D31
32D32
32D33
32D34
32D35
32D36
32D37
32D38
32D39
32D40
32D41
32D42
32D43
32D44
32D45
32D46
32D47
32D48
32D49
32D50
32D51
32D52
32D53
32D54
32D55
32D56
32D57
32D58
32D59
32D60
32D61
32D62
32D63
32D64
32D65
32D66
32D67
32D68
32D69
32D70
32D71
32D72
32D73
32D74
32D75
32D76
32D77
32D78
32D79
32D80
32D81
32D82
32D83
32D84
32D85
32D86
32D87
32D88
32D89
32D90
32D91
32D92
32D93
32D94
32D95
32D96
32D97
32D98
32D99
35A00
35A01
35A02
35A03
35A04
35A05
35A06
35A07
35A08
35A09
35A10
35A11
35A12
35A13
35A14
35A15
35A16
35A17
35A18
35A19
35A20
35A21
35A22
35A23
35A24
35A25
35A26
35A27
35A28
35A29
35A30
35A31
35A32
35A33
35A34
35A35
35A36
35A37
35A38
35A39
35A40
35A41
35A42
35A43
35A44
35A45
35A46
35A47
35A48
35A49
35A50
35A51
35A52
35A53
35A54
35A55
35A56
35A57
35A58
35A59
35A60
35A61
35A62
35A63
35A64
35A65
35A66
35A67
35A68
35A69
35A70
35A71
35A72
35A73
35A74
35A75
35A76
35A77
35A78
35A79
35A80
35A81
35A82
35A83
35A84
35A85
35A86
35A87
35A88
35A89
35A90
35A91
35A92
35A93
35A94
35A95
35A96
35A97
35A98
35A99
33B00
33B01
33B02
33B03
33B04
33B05
33B06
33B07
33B08
33B09
33B10
33B11
33B12
33B13
33B14
33B15
33B16
33B17
33B18
33B19
33B20
33B21
33B22
33B23
33B24
33B25
33B26
33B27
33B28
33B29
33B30
33B31
33B32
33B33
33B34
33B35
33B36
33B37
33B38
33B39
33B40
33B41
33B42
33B43
33B44
33B45
33B46
33B47
33B48
33B49
33B50
33B51
33B52
33B53
33B54
33B55
33B56
33B57
33B58
33B59
33B60
33B61
33B62
33B63
33B64
33B65
33B66
33B67
33B68
33B69
33B70
33B71
33B72
33B73
33B74
33B75
33B76
33B77
33B78
33B79
33B80
33B81
33B82
33B83
33B84
33B85
33B86
33B87
33B88
33B89
33B90
33B91
33B92
33B93
33B94
33B95
33B96
33B97
33B98
33B99
34C00
34C01
34C02
34C03
34C04
34C05
34C06
34C07
34C08
34C09
34C10
34C11
34C12
34C13
34C14
34C15
34C16
34C17
34C18
34C19
34C20
34C21
34C22
34C23
34C24
34C25
34C26
34C27
34C28
34C29
34C30
34C31
34C32
34C33
34C34
34C35
34C36
34C37
34C38
34C39
34C40
34C41
34C42
34C43
34C44
34C45
34C46
34C47
34C48
34C49
34C50
34C51
34C52
34C53
34C54
34C55
34C56
34C57
34C58
34C59
34C60
34C61
34C62
34C63
34C64
34C65
34C66
34C67
34C68
34C69
34C70
34C71
34C72
34C73
34C74
34C75
34C76
34C77
34C78
34C79
34C80
34C81
34C82
34C83
34C84
34C85
34C86
34C87
34C88
34C89
34C90
34C91
34C92
34C93
34C94
34C95
34C96
34C97
34C98
34C99
41E00
41E01
41E02
41E03
41E04
41E05
41E06
41E07
41E08
41E09
41E10
41E11
41E12
41E13
41E14
41E15
41E16
41E17
41E18
41E19
41E20
41E21
41E22
41E23
41E24
41E25
41E26
41E27
41E28
41E29
41E30
41E31
41E32
41E33
41E34
41E35
41E36
41E37
41E38
41E39
41E40
41E41
41E42
41E43
41E44
41E45
41E46
41E47
41E48
41E49
41E50
41E51
41E52
41E53
41E54
41E55
41E56
41E57
41E58
41E59
41E60
41E61
41E62
41E63
41E64
41E65
41E66
41E67
41E68
41E69
41E70
41E71
41E72
41E73
41E74
41E75
41E76
41E77
41E78
41E79
41E80
41E81
41E82
41E83
41E84
41E85
41E86
41E87
41E88
41E89
41E90
41E91
41E92
41E93
41E94
41E95
41E96
41E97
41E98
41E99
42D00
42D01
42D02
42D03
42D04
42D05
42D06
42D07
42D08
42D09
42D10
42D11
42D12
42D13
42D14
42D15
42D16
42D17
42D18
42D19
42D20
42D21
42D22
42D23
42D24
42D25
42D26
42D27
42D28
42D29
42D30
42D31
42D32
42D33
42D34
42D35
42D36
42D37
42D38
42D39
42D40
42D41
42D42
42D43
42D44
42D45
42D46
42D47
42D48
42D49
42D50
42D51
42D52
42D53
42D54
42D55
42D56
42D57
42D58
42D59
42D60
42D61
42D62
42D63
42D64
42D65
42D66
42D67
42D68
42D69
42D70
42D71
42D72
42D73
42D74
42D75
42D76
42D77
42D78
42D79
42D80
42D81
42D82
42D83
42D84
42D85
42D86
42D87
42D88
42D89
42D90
42D91
42D92
42D93
42D94
42D95
42D96
42D97
42D98
42D99
45A00
45A01
45A02
45A03
45A04
45A05
45A06
45A07
45A08
45A09
45A10
45A11
45A12
45A13
45A14
45A15
45A16
45A17
45A18
45A19
45A20
45A21
45A22
45A23
45A24
45A25
45A26
45A27
45A28
45A29
45A30
45A31
45A32
45A33
45A34
45A35
45A36
45A37
45A38
45A39
45A40
45A41
45A42
45A43
45A44
45A45
45A46
45A47
45A48
45A49
45A50
45A51
45A52
45A53
45A54
45A55
45A56
45A57
45A58
45A59
45A60
45A61
45A62
45A63
45A64
45A65
45A66
45A67
45A68
45A69
45A70
45A71
45A72
45A73
45A74
45A75
45A76
45A77
45A78
45A79
45A80
45A81
45A82
45A83
45A84
45A85
45A86
45A87
45A88
45A89
45A90
45A91
45A92
45A93
45A94
45A95
45A96
45A97
45A98
45A99
43B00
43B01
43B02
43B03
43B04
43B05
43B06
43B07
43B08
43B09
43B10
43B11
43B12
43B13
43B14
43B15
43B16
43B17
43B18
43B19
43B20
43B21
43B22
43B23
43B24
43B25
43B26
43B27
43B28
43B29
43B30
43B31
43B32
43B33
43B34
43B35
43B36
43B37
43B38
43B39
43B40
43B41
43B42
43B43
43B44
43B45
43B46
43B47
43B48
43B49
43B50
43B51
43B52
43B53
43B54
43B55
43B56
43B57
43B58
43B59
43B60
43B61
43B62
43B63
43B64
43B65
43B66
43B67
43B68
43B69
43B70
43B71
43B72
43B73
43B74
43B75
43B76
43B77
43B78
43B79
43B80
43B81
43B82
43B83
43B84
43B85
43B86
43B87
43B88
43B89
43B90
43B91
43B92
43B93
43B94
43B95
43B96
43B97
43B98
43B99
44C00
44C01
44C02
44C03
44C04
44C05
44C06
44C07
44C08
44C09
44C10
44C11
44C12
44C13
44C14
44C15
44C16
44C17
44C18
44C19
44C20
44C21
44C22
44C23
44C24
44C25
44C26
44C27
44C28
44C29
44C30
44C31
44C32
44C33
44C34
44C35
44C36
44C37
44C38
44C39
44C40
44C41
44C42
44C43
44C44
44C45
44C46
44C47
44C48
44C49
44C50
44C51
44C52
44C53
44C54
44C55
44C56
44C57
44C58
44C59
44C60
44C61
44C62
44C63
44C64
44C65
44C66
44C67
44C68
44C69
44C70
44C71
44C72
44C73
44C74
44C75
44C76
44C77
44C78
44C79
44C80
44C81
44C82
44C83
44C84
44C85
44C86
44C87
44C88
44C89
44C90
44C91
44C92
44C93
44C94
44C95
44C96
44C97
44C98
44C99
51E00
51E01
51E02
51E03
51E04
51E05
51E06
51E07
51E08
51E09
51E10
51E11
51E12
51E13
51E14
51E15
51E16
51E17
51E18
51E19
51E20
51E21
51E22
51E23
51E24
51E25
51E26
51E27
51E28
51E29
51E30
51E31
51E32
51E33
51E34
51E35
51E36
51E37
51E38
51E39
51E40
51E41
51E42
51E43
51E44
51E45
51E46
51E47
51E48
51E49
51E50
51E51
51E52
51E53
51E54
51E55
51E56
51E57
51E58
51E59
51E60
51E61
51E62
51E63
51E64
51E65
51E66
51E67
51E68
51E69
51E70
51E71
51E72
51E73
51E74
51E75
51E76
51E77
51E78
51E79
51E80
51E81
51E82
51E83
51E84
51E85
51E86
51E87
51E88
51E89
51E90
51E91
51E92
51E93
51E94
51E95
51E96
51E97
51E98
51E99
52D00
52D01
52D02
52D03
52D04
52D05
52D06
52D07
52D08
52D09
52D10
52D11
52D12
52D13
52D14
52D15
52D16
52D17
52D18
52D19
52D20
52D21
52D22
52D23
52D24
52D25
52D26
52D27
52D28
52D29
52D30
52D31
52D32
52D33
52D34
52D35
52D36
52D37
52D38
52D39
52D40
52D41
52D42
52D43
52D44
52D45
52D46
52D47
52D48
52D49
52D50
52D51
52D52
52D53
52D54
52D55
52D56
52D57
52D58
52D59
52D60
52D61
52D62
52D63
52D64
52D65
52D66
52D67
52D68
52D69
52D70
52D71
52D72
52D73
52D74
52D75
52D76
52D77
52D78
52D79
52D80
52D81
52D82
52D83
52D84
52D85
52D86
52D87
52D88
52D89
52D90
52D91
52D92
52D93
52D94
52D95
52D96
52D97
52D98
52D99
55A00
55A01
55A02
55A03
55A04
55A05
55A06
55A07
55A08
55A09
55A10
55A11
55A12
55A13
55A14
55A15
55A16
55A17
55A18
55A19
55A20
55A21
55A22
55A23
55A24
55A25
55A26
55A27
55A28
55A29
55A30
55A31
55A32
55A33
55A34
55A35
55A36
55A37
55A38
55A39
55A40
55A41
55A42
55A43
55A44
55A45
55A46
55A47
55A48
55A49
55A50
55A51
55A52
55A53
55A54
55A55
55A56
55A57
55A58
55A59
55A60
55A61
55A62
55A63
55A64
55A65
55A66
55A67
55A68
55A69
55A70
55A71
55A72
55A73
55A74
55A75
55A76
55A77
55A78
55A79
55A80
55A81
55A82
55A83
55A84
55A85
55A86
55A87
55A88
55A89
55A90
55A91
55A92
55A93
55A94
55A95
55A96
55A97
55A98
55A99
53B00
53B01
53B02
53B03
53B04
53B05
53B06
53B07
53B08
53B09
53B10
53B11
53B12
53B13
53B14
53B15
53B16
53B17
53B18
53B19
53B20
53B21
53B22
53B23
53B24
53B25
53B26
53B27
53B28
53B29
53B30
53B31
53B32
53B33
53B34
53B35
53B36
53B37
53B38
53B39
53B40
53B41
53B42
53B43
53B44
53B45
53B46
53B47
53B48
53B49
53B50
53B51
53B52
53B53
53B54
53B55
53B56
53B57
53B58
53B59
53B60
53B61
53B62
53B63
53B64
53B65
53B66
53B67
53B68
53B69
53B70
53B71
53B72
53B73
53B74
53B75
53B76
53B77
53B78
53B79
53B80
53B81
53B82
53B83
53B84
53B85
53B86
53B87
53B88
53B89
53B90
53B91
53B92
53B93
53B94
53B95
53B96
53B97
53B98
53B99
54C00
54C01
54C02
54C03
54C04
54C05
54C06
54C07
54C08
54C09
54C10
54C11
54C12
54C13
54C14
54C15
54C16
54C17
54C18
54C19
54C20
54C21
54C22
54C23
54C24
54C25
54C26
54C27
54C28
54C29
54C30
54C31
54C32
54C33
54C34
54C35
54C36
54C37
54C38
54C39
54C40
54C41
54C42
54C43
54C44
54C45
54C46
54C47
54C48
54C49
54C50
54C51
54C52
54C53
54C54
54C55
54C56
54C57
54C58
54C59
54C60
54C61
54C62
54C63
54C64
54C65
54C66
54C67
54C68
54C69
54C70
54C71
54C72
54C73
54C74
54C75
54C76
54C77
54C78
54C79
54C80
54C81
54C82
54C83
54C84
54C85
54C86
54C87
54C88
54C89
54C90
54C91
54C92
54C93
54C94
54C95
54C96
54C97
54C98
54C99
61E00
61E01
61E02
61E03
61E04
61E05
61E06
61E07
61E08
61E09
61E10
61E11
61E12
61E13
61E14
61E15
61E16
61E17
61E18
61E19
61E20
61E21
61E22
61E23
61E24
61E25
61E26
61E27
61E28
61E29
61E30
61E31
61E32
61E33
61E34
61E35
61E36
61E37
61E38
61E39
61E40
61E41
61E42
61E43
61E44
61E45
61E46
61E47
61E48
61E49
61E50
61E51
61E52
61E53
61E54
61E55
61E56
61E57
61E58
61E59
61E60
61E61
61E62
61E63
61E64
61E65
61E66
61E67
61E68
61E69
61E70
61E71
61E72
61E73
61E74
61E75
61E76
61E77
61E78
61E79
61E80
61E81
61E82
61E83
61E84
61E85
61E86
61E87
61E88
61E89
61E90
61E91
61E92
61E93
61E94
61E95
61E96
61E97
61E98
61E99
62D00
62D01
62D02
62D03
62D04
62D05
62D06
62D07
62D08
62D09
62D10
62D11
62D12
62D13
62D14
62D15
62D16
62D17
62D18
62D19
62D20
62D21
62D22
62D23
62D24
62D25
62D26
62D27
62D28
62D29
62D30
62D31
62D32
62D33
62D34
62D35
62D36
62D37
62D38
62D39
62D40
62D41
62D42
62D43
62D44
62D45
62D46
62D47
62D48
62D49
62D50
62D51
62D52
62D53
62D54
62D55
62D56
62D57
62D58
62D59
62D60
62D61
62D62
62D63
62D64
62D65
62D66
62D67
62D68
62D69
62D70
62D71
62D72
62D73
62D74
62D75
62D76
62D77
62D78
62D79
62D80
62D81
62D82
62D83
62D84
62D85
62D86
62D87
62D88
62D89
62D90
62D91
62D92
62D93
62D94
62D95
62D96
62D97
62D98
62D99
65A00
65A01
65A02
65A03
65A04
65A05
65A06
65A07
65A08
65A09
65A10
65A11
65A12
65A13
65A14
65A15
65A16
65A17
65A18
65A19
65A20
65A21
65A22
65A23
65A24
65A25
65A26
65A27
65A28
65A29
65A30
65A31
65A32
65A33
65A34
65A35
65A36
65A37
65A38
65A39
65A40
65A41
65A42
65A43
65A44
65A45
65A46
65A47
65A48
65A49
65A50
65A51
65A52
65A53
65A54
65A55
65A56
65A57
65A58
65A59
65A60
65A61
65A62
65A63
65A64
65A65
65A66
65A67
65A68
65A69
65A70
65A71
65A72
65A73
65A74
65A75
65A76
65A77
65A78
65A79
65A80
65A81
65A82
65A83
65A84
65A85
65A86
65A87
65A88
65A89
65A90
65A91
65A92
65A93
65A94
65A95
65A96
65A97
65A98
65A99
63B00
63B01
63B02
63B03
63B04
63B05
63B06
63B07
63B08
63B09
63B10
63B11
63B12
63B13
63B14
63B15
63B16
63B17
63B18
63B19
63B20
63B21
63B22
63B23
63B24
63B25
63B26
63B27
63B28
63B29
63B30
63B31
63B32
63B33
63B34
63B35
63B36
63B37
63B38
63B39
63B40
63B41
63B42
63B43
63B44
63B45
63B46
63B47
63B48
63B49
63B50
63B51
63B52
63B53
63B54
63B55
63B56
63B57
63B58
63B59
63B60
63B61
63B62
63B63
63B64
63B65
63B66
63B67
63B68
63B69
63B70
63B71
63B72
63B73
63B74
63B75
63B76
63B77
63B78
63B79
63B80
63B81
63B82
63B83
63B84
63B85
63B86
63B87
63B88
63B89
63B90
63B91
63B92
63B93
63B94
63B95
63B96
63B97
63B98
63B99
64C00
64C01
64C02
64C03
64C04
64C05
64C06
64C07
64C08
64C09
64C10
64C11
64C12
64C13
64C14
64C15
64C16
64C17
64C18
64C19
64C20
64C21
64C22
64C23
64C24
64C25
64C26
64C27
64C28
64C29
64C30
64C31
64C32
64C33
64C34
64C35
64C36
64C37
64C38
64C39
64C40
64C41
64C42
64C43
64C44
64C45
64C46
64C47
64C48
64C49
64C50
64C51
64C52
64C53
64C54
64C55
64C56
64C57
64C58
64C59
64C60
64C61
64C62
64C63
64C64
64C65
64C66
64C67
64C68
64C69
64C70
64C71
64C72
64C73
64C74
64C75
64C76
64C77
64C78
64C79
64C80
64C81
64C82
64C83
64C84
64C85
64C86
64C87
64C88
64C89
64C90
64C91
64C92
64C93
64C94
64C95
64C96
64C97
64C98
64C99
71E00
71E01
71E02
71E03
71E04
71E05
71E06
71E07
71E08
71E09
71E10
71E11
71E12
71E13
71E14
71E15
71E16
71E17
71E18
71E19
71E20
71E21
71E22
71E23
71E24
71E25
71E26
71E27
71E28
71E29
71E30
71E31
71E32
71E33
71E34
71E35
71E36
71E37
71E38
71E39
71E40
71E41
71E42
71E43
71E44
71E45
71E46
71E47
71E48
71E49
71E50
71E51
71E52
71E53
71E54
71E55
71E56
71E57
71E58
71E59
71E60
71E61
71E62
71E63
71E64
71E65
71E66
71E67
71E68
71E69
71E70
71E71
71E72
71E73
71E74
71E75
71E76
71E77
71E78
71E79
71E80
71E81
71E82
71E83
71E84
71E85
71E86
71E87
71E88
71E89
71E90
71E91
71E92
71E93
71E94
71E95
71E96
71E97
71E98
71E99
72D00
72D01
72D02
72D03
72D04
72D05
72D06
72D07
72D08
72D09
72D10
72D11
72D12
72D13
72D14
72D15
72D16
72D17
72D18
72D19
72D20
72D21
72D22
72D23
72D24
72D25
72D26
72D27
72D28
72D29
72D30
72D31
72D32
72D33
72D34
72D35
72D36
72D37
72D38
72D39
72D40
72D41
72D42
72D43
72D44
72D45
72D46
72D47
72D48
72D49
72D50
72D51
72D52
72D53
72D54
72D55
72D56
72D57
72D58
72D59
72D60
72D61
72D62
72D63
72D64
72D65
72D66
72D67
72D68
72D69
72D70
72D71
72D72
72D73
72D74
72D75
72D76
72D77
72D78
72D79
72D80
72D81
72D82
72D83
72D84
72D85
72D86
72D87
72D88
72D89
72D90
72D91
72D92
72D93
72D94
72D95
72D96
72D97
72D98
72D99
75A00
75A01
75A02
75A03
75A04
75A05
75A06
75A07
75A08
75A09
75A10
75A11
75A12
75A13
75A14
75A15
75A16
75A17
75A18
75A19
75A20
75A21
75A22
75A23
75A24
75A25
75A26
75A27
75A28
75A29
75A30
75A31
75A32
75A33
75A34
75A35
75A36
75A37
75A38
75A39
75A40
75A41
75A42
75A43
75A44
75A45
75A46
75A47
75A48
75A49
75A50
75A51
75A52
75A53
75A54
75A55
75A56
75A57
75A58
75A59
75A60
75A61
75A62
75A63
75A64
75A65
75A66
75A67
75A68
75A69
75A70
75A71
75A72
75A73
75A74
75A75
75A76
75A77
75A78
75A79
75A80
75A81
75A82
75A83
75A84
75A85
75A86
75A87
75A88
75A89
75A90
75A91
75A92
75A93
75A94
75A95
75A96
75A97
75A98
75A99
73B00
73B01
73B02
73B03
73B04
73B05
73B06
73B07
73B08
73B09
73B10
73B11
73B12
73B13
73B14
73B15
73B16
73B17
73B18
73B19
73B20
73B21
73B22
73B23
73B24
73B25
73B26
73B27
73B28
73B29
73B30
73B31
73B32
73B33
73B34
73B35
73B36
73B37
73B38
73B39
73B40
73B41
73B42
73B43
73B44
73B45
73B46
73B47
73B48
73B49
73B50
73B51
73B52
73B53
73B54
73B55
73B56
73B57
73B58
73B59
73B60
73B61
73B62
73B63
73B64
73B65
73B66
73B67
73B68
73B69
73B70
73B71
73B72
73B73
73B74
73B75
73B76
73B77
73B78
73B79
73B80
73B81
73B82
73B83
73B84
73B85
73B86
73B87
73B88
73B89
73B90
73B91
73B92
73B93
73B94
73B95
73B96
73B97
73B98
73B99
74C00
74C01
74C02
74C03
74C04
74C05
74C06
74C07
74C08
74C09
74C10
74C11
74C12
74C13
74C14
74C15
74C16
74C17
74C18
74C19
74C20
74C21
74C22
74C23
74C24
74C25
74C26
74C27
74C28
74C29
74C30
74C31
74C32
74C33
74C34
74C35
74C36
74C37
74C38
74C39
74C40
74C41
74C42
74C43
74C44
74C45
74C46
74C47
74C48
74C49
74C50
74C51
74C52
74C53
74C54
74C55
74C56
74C57
74C58
74C59
74C60
74C61
74C62
74C63
74C64
74C65
74C66
74C67
74C68
74C69
74C70
74C71
74C72
74C73
74C74
74C75
74C76
74C77
74C78
74C79
74C80
74C81
74C82
74C83
74C84
74C85
74C86
74C87
74C88
74C89
74C90
74C91
74C92
74C93
74C94
74C95
74C96
74C97
74C98
74C99
81E00
81E01
81E02
81E03
81E04
81E05
81E06
81E07
81E08
81E09
81E10
81E11
81E12
81E13
81E14
81E15
81E16
81E17
81E18
81E19
81E20
81E21
81E22
81E23
81E24
81E25
81E26
81E27
81E28
81E29
81E30
81E31
81E32
81E33
81E34
81E35
81E36
81E37
81E38
81E39
81E40
81E41
81E42
81E43
81E44
81E45
81E46
81E47
81E48
81E49
81E50
81E51
81E52
81E53
81E54
81E55
81E56
81E57
81E58
81E59
81E60
81E61
81E62
81E63
81E64
81E65
81E66
81E67
81E68
81E69
81E70
81E71
81E72
81E73
81E74
81E75
81E76
81E77
81E78
81E79
81E80
81E81
81E82
81E83
81E84
81E85
81E86
81E87
81E88
81E89
81E90
81E91
81E92
81E93
81E94
81E95
81E96
81E97
81E98
81E99
82D00
82D01
82D02
82D03
82D04
82D05
82D06
82D07
82D08
82D09
82D10
82D11
82D12
82D13
82D14
82D15
82D16
82D17
82D18
82D19
82D20
82D21
82D22
82D23
82D24
82D25
82D26
82D27
82D28
82D29
82D30
82D31
82D32
82D33
82D34
82D35
82D36
82D37
82D38
82D39
82D40
82D41
82D42
82D43
82D44
82D45
82D46
82D47
82D48
82D49
82D50
82D51
82D52
82D53
82D54
82D55
82D56
82D57
82D58
82D59
82D60
82D61
82D62
82D63
82D64
82D65
82D66
82D67
82D68
82D69
82D70
82D71
82D72
82D73
82D74
82D75
82D76
82D77
82D78
82D79
82D80
82D81
82D82
82D83
82D84
82D85
82D86
82D87
82D88
82D89
82D90
82D91
82D92
82D93
82D94
82D95
82D96
82D97
82D98
82D99
85A00
85A01
85A02
85A03
85A04
85A05
85A06
85A07
85A08
85A09
85A10
85A11
85A12
85A13
85A14
85A15
85A16
85A17
85A18
85A19
85A20
85A21
85A22
85A23
85A24
85A25
85A26
85A27
85A28
85A29
85A30
85A31
85A32
85A33
85A34
85A35
85A36
85A37
85A38
85A39
85A40
85A41
85A42
85A43
85A44
85A45
85A46
85A47
85A48
85A49
85A50
85A51
85A52
85A53
85A54
85A55
85A56
85A57
85A58
85A59
85A60
85A61
85A62
85A63
85A64
85A65
85A66
85A67
85A68
85A69
85A70
85A71
85A72
85A73
85A74
85A75
85A76
85A77
85A78
85A79
85A80
85A81
85A82
85A83
85A84
85A85
85A86
85A87
85A88
85A89
85A90
85A91
85A92
85A93
85A94
85A95
85A96
85A97
85A98
85A99
83B00
83B01
83B02
83B03
83B04
83B05
83B06
83B07
83B08
83B09
83B10
83B11
83B12
83B13
83B14
83B15
83B16
83B17
83B18
83B19
83B20
83B21
83B22
83B23
83B24
83B25
83B26
83B27
83B28
83B29
83B30
83B31
83B32
83B33
83B34
83B35
83B36
83B37
83B38
83B39
83B40
83B41
83B42
83B43
83B44
83B45
83B46
83B47
83B48
83B49
83B50
83B51
83B52
83B53
83B54
83B55
83B56
83B57
83B58
83B59
83B60
83B61
83B62
83B63
83B64
83B65
83B66
83B67
83B68
83B69
83B70
83B71
83B72
83B73
83B74
83B75
83B76
83B77
83B78
83B79
83B80
83B81
83B82
83B83
83B84
83B85
83B86
83B87
83B88
83B89
83B90
83B91
83B92
83B93
83B94
83B95
83B96
83B97
83B98
83B99
84C00
84C01
84C02
84C03
84C04
84C05
84C06
84C07
84C08
84C09
84C10
84C11
84C12
84C13
84C14
84C15
84C16
84C17
84C18
84C19
84C20
84C21
84C22
84C23
84C24
84C25
84C26
84C27
84C28
84C29
84C30
84C31
84C32
84C33
84C34
84C35
84C36
84C37
84C38
84C39
84C40
84C41
84C42
84C43
84C44
84C45
84C46
84C47
84C48
84C49
84C50
84C51
84C52
84C53
84C54
84C55
84C56
84C57
84C58
84C59
84C60
84C61
84C62
84C63
84C64
84C65
84C66
84C67
84C68
84C69
84C70
84C71
84C72
84C73
84C74
84C75
84C76
84C77
84C78
84C79
84C80
84C81
84C82
84C83
84C84
84C85
84C86
84C87
84C88
84C89
84C90
84C91
84C92
84C93
84C94
84C95
84C96
84C97
84C98
84C99
91E00
91E01
91E02
91E03
91E04
91E05
91E06
91E07
91E08
91E09
91E10
91E11
91E12
91E13
91E14
91E15
91E16
91E17
91E18
91E19
91E20
91E21
91E22
91E23
91E24
91E25
91E26
91E27
91E28
91E29
91E30
91E31
91E32
91E33
91E34
91E35
91E36
91E37
91E38
91E39
91E40
91E41
91E42
91E43
91E44
91E45
91E46
91E47
91E48
91E49
91E50
91E51
91E52
91E53
91E54
91E55
91E56
91E57
91E58
91E59
91E60
91E61
91E62
91E63
91E64
91E65
91E66
91E67
91E68
91E69
91E70
91E71
91E72
91E73
91E74
91E75
91E76
91E77
91E78
91E79
91E80
91E81
91E82
91E83
91E84
91E85
91E86
91E87
91E88
91E89
91E90
91E91
91E92
91E93
91E94
91E95
91E96
91E97
91E98
91E99
92D00
92D01
92D02
92D03
92D04
92D05
92D06
92D07
92D08
92D09
92D10
92D11
92D12
92D13
92D14
92D15
92D16
92D17
92D18
92D19
92D20
92D21
92D22
92D23
92D24
92D25
92D26
92D27
92D28
92D29
92D30
92D31
92D32
92D33
92D34
92D35
92D36
92D37
92D38
92D39
92D40
92D41
92D42
92D43
92D44
92D45
92D46
92D47
92D48
92D49
92D50
92D51
92D52
92D53
92D54
92D55
92D56
92D57
92D58
92D59
92D60
92D61
92D62
92D63
92D64
92D65
92D66
92D67
92D68
92D69
92D70
92D71
92D72
92D73
92D74
92D75
92D76
92D77
92D78
92D79
92D80
92D81
92D82
92D83
92D84
92D85
92D86
92D87
92D88
92D89
92D90
92D91
92D92
92D93
92D94
92D95
92D96
92D97
92D98
92D99
95A00
95A01
95A02
95A03
95A04
95A05
95A06
95A07
95A08
95A09
95A10
95A11
95A12
95A13
95A14
95A15
95A16
95A17
95A18
95A19
95A20
95A21
95A22
95A23
95A24
95A25
95A26
95A27
95A28
95A29
95A30
95A31
95A32
95A33
95A34
95A35
95A36
95A37
95A38
95A39
95A40
95A41
95A42
95A43
95A44
95A45
95A46
95A47
95A48
95A49
95A50
95A51
95A52
95A53
95A54
95A55
95A56
95A57
95A58
95A59
95A60
95A61
95A62
95A63
95A64
95A65
95A66
95A67
95A68
95A69
95A70
95A71
95A72
95A73
95A74
95A75
95A76
95A77
95A78
95A79
95A80
95A81
95A82
95A83
95A84
95A85
95A86
95A87
95A88
95A89
95A90
95A91
95A92
95A93
95A94
95A95
95A96
95A97
95A98
95A99
93B00
93B01
93B02
93B03
93B04
93B05
93B06
93B07
93B08
93B09
93B10
93B11
93B12
93B13
93B14
93B15
93B16
93B17
93B18
93B19
93B20
93B21
93B22
93B23
93B24
93B25
93B26
93B27
93B28
93B29
93B30
93B31
93B32
93B33
93B34
93B35
93B36
93B37
93B38
93B39
93B40
93B41
93B42
93B43
93B44
93B45
93B46
93B47
93B48
93B49
93B50
93B51
93B52
93B53
93B54
93B55
93B56
93B57
93B58
93B59
93B60
93B61
93B62
93B63
93B64
93B65
93B66
93B67
93B68
93B69
93B70
93B71
93B72
93B73
93B74
93B75
93B76
93B77
93B78
93B79
93B80
93B81
93B82
93B83
93B84
93B85
93B86
93B87
93B88
93B89
93B90
93B91
93B92
93B93
93B94
93B95
93B96
93B97
93B98
93B99
94C00
94C01
94C02
94C03
94C04
94C05
94C06
94C07
94C08
94C09
94C10
94C11
94C12
94C13
94C14
94C15
94C16
94C17
94C18
94C19
94C20
94C21
94C22
94C23
94C24
94C25
94C26
94C27
94C28
94C29
94C30
94C31
94C32
94C33
94C34
94C35
94C36
94C37
94C38
94C39
94C40
94C41
94C42
94C43
94C44
94C45
94C46
94C47
94C48
94C49
94C50
94C51
94C52
94C53
94C54
94C55
94C56
94C57
94C58
94C59
94C60
94C61
94C62
94C63
94C64
94C65
94C66
94C67
94C68
94C69
94C70
94C71
94C72
94C73
94C74
94C75
94C76
94C77
94C78
94C79
94C80
94C81
94C82
94C83
94C84
94C85
94C86
94C87
94C88
94C89
94C90
94C91
94C92
94C93
94C94
94C95
94C96
94C97
94C98
94C99
