--
admin0
admin1
admin2
admin3
admin4
admin5
admin6
admin7
admin8
admin9
bdmin0
bdmin1
bdmin2
bdmin3
bdmin4
bdmin5
bdmin6
bdmin7
bdmin8
bdmin9
110
111
112
113
114
115
116
117
118
119
220
221
222
223
224
225
226
227
228
229
0admin0
0admin1
0admin2
0admin3
0admin4
0admin5
0admin6
0admin7
0admin8
0admin9
0bdmin0
0bdmin1
0bdmin2
0bdmin3
0bdmin4
0bdmin5
0bdmin6
0bdmin7
0bdmin8
0bdmin9
0110
0111
0112
0113
0114
0115
0116
0117
0118
0119
0220
0221
0222
0223
0224
0225
0226
0227
0228
0229
1admin0
1admin1
1admin2
1admin3
1admin4
1admin5
1admin6
1admin7
1admin8
1admin9
1bdmin0
1bdmin1
1bdmin2
1bdmin3
1bdmin4
1bdmin5
1bdmin6
1bdmin7
1bdmin8
1bdmin9
1110
1111
1112
1113
1114
1115
1116
1117
1118
1119
1220
1221
1222
1223
1224
1225
1226
1227
1228
1229
2admin0
2admin1
2admin2
2admin3
2admin4
2admin5
2admin6
2admin7
2admin8
2admin9
2bdmin0
2bdmin1
2bdmin2
2bdmin3
2bdmin4
2bdmin5
2bdmin6
2bdmin7
2bdmin8
2bdmin9
2110
2111
2112
2113
2114
2115
2116
2117
2118
2119
2220
2221
2222
2223
2224
2225
2226
2227
2228
2229
3admin0
3admin1
3admin2
3admin3
3admin4
3admin5
3admin6
3admin7
3admin8
3admin9
3bdmin0
3bdmin1
3bdmin2
3bdmin3
3bdmin4
3bdmin5
3bdmin6
3bdmin7
3bdmin8
3bdmin9
3110
3111
3112
3113
3114
3115
3116
3117
3118
3119
3220
3221
3222
3223
3224
3225
3226
3227
3228
3229
4admin0
4admin1
4admin2
4admin3
4admin4
4admin5
4admin6
4admin7
4admin8
4admin9
4bdmin0
4bdmin1
4bdmin2
4bdmin3
4bdmin4
4bdmin5
4bdmin6
4bdmin7
4bdmin8
4bdmin9
4110
4111
4112
4113
4114
4115
4116
4117
4118
4119
4220
4221
4222
4223
4224
4225
4226
4227
4228
4229
5admin0
5admin1
5admin2
5admin3
5admin4
5admin5
5admin6
5admin7
5admin8
5admin9
5bdmin0
5bdmin1
5bdmin2
5bdmin3
5bdmin4
5bdmin5
5bdmin6
5bdmin7
5bdmin8
5bdmin9
5110
5111
5112
5113
5114
5115
5116
5117
5118
5119
5220
5221
5222
5223
5224
5225
5226
5227
5228
5229
6admin0
6admin1
6admin2
6admin3
6admin4
6admin5
6admin6
6admin7
6admin8
6admin9
6bdmin0
6bdmin1
6bdmin2
6bdmin3
6bdmin4
6bdmin5
6bdmin6
6bdmin7
6bdmin8
6bdmin9
6110
6111
6112
6113
6114
6115
6116
6117
6118
6119
6220
6221
6222
6223
6224
6225
6226
6227
6228
6229
7admin0
7admin1
7admin2
7admin3
7admin4
7admin5
7admin6
7admin7
7admin8
7admin9
7bdmin0
7bdmin1
7bdmin2
7bdmin3
7bdmin4
7bdmin5
7bdmin6
7bdmin7
7bdmin8
7bdmin9
7110
7111
7112
7113
7114
7115
7116
7117
7118
7119
7220
7221
7222
7223
7224
7225
7226
7227
7228
7229
8admin0
8admin1
8admin2
8admin3
8admin4
8admin5
8admin6
8admin7
8admin8
8admin9
8bdmin0
8bdmin1
8bdmin2
8bdmin3
8bdmin4
8bdmin5
8bdmin6
8bdmin7
8bdmin8
8bdmin9
8110
8111
8112
8113
8114
8115
8116
8117
8118
8119
8220
8221
8222
8223
8224
8225
8226
8227
8228
8229
9admin0
9admin1
9admin2
9admin3
9admin4
9admin5
9admin6
9admin7
9admin8
9admin9
9bdmin0
9bdmin1
9bdmin2
9bdmin3
9bdmin4
9bdmin5
9bdmin6
9bdmin7
9bdmin8
9bdmin9
9110
9111
9112
9113
9114
9115
9116
9117
9118
9119
9220
9221
9222
9223
9224
9225
9226
9227
9228
9229
